<?xml version="1.0" encoding="UTF-8"?>
<!-- Generated by org.testng.reporters.JUnitReportReporter -->
<testsuite skipped="0" hostname="Sharad-PC" name="com.test.ExceptionTimeOutTest" tests="1" failures="0" timestamp="22 Mar 2018 10:39:14 GMT" time="0.007" errors="0">
  <testcase name="test1" time="0.007" classname="com.test.ExceptionTimeOutTest"/>
</testsuite> <!-- com.test.ExceptionTimeOutTest -->
