<?xml version="1.0" encoding="UTF-8"?>
<!-- Generated by org.testng.reporters.JUnitReportReporter -->
<testsuite skipped="0" hostname="Sharad-PC" name="com.test.TestNgBasics" tests="4" failures="0" timestamp="22 Mar 2018 10:38:05 GMT" time="0.019" errors="0">
  <testcase name="googleTitleTest" time="0.011" classname="com.test.TestNgBasics"/>
  <testcase name="searchTest" time="0.002" classname="com.test.TestNgBasics"/>
  <testcase name="test1" time="0.002" classname="com.test.TestNgBasics"/>
  <testcase name="test2" time="0.004" classname="com.test.TestNgBasics"/>
</testsuite> <!-- com.test.TestNgBasics -->
