<?xml version="1.0" encoding="UTF-8"?>
<!-- Generated by org.testng.reporters.JUnitReportReporter -->
<testsuite skipped="0" hostname="Sharad-PC" name="com.datadriven.tests.ParameterizeTest" tests="1" failures="0" timestamp="26 Mar 2018 13:25:34 GMT" time="17.185" errors="0">
  <testcase name="result" time="17.185" classname="com.datadriven.tests.ParameterizeTest"/>
</testsuite> <!-- com.datadriven.tests.ParameterizeTest -->
