<?xml version="1.0" encoding="UTF-8"?>
<!-- Generated by org.testng.reporters.JUnitReportReporter -->
<testsuite skipped="0" hostname="Sharad-PC" name="seleniumTests_bioagency.Mousehover" tests="5" failures="0" timestamp="10 Apr 2018 19:45:56 GMT" time="66.997" errors="0">
  <testcase name="ClickOnNewsViews" time="11.851" classname="seleniumTests_bioagency.Mousehover"/>
  <testcase name="VerifyCareers" time="7.553" classname="seleniumTests_bioagency.Mousehover"/>
  <testcase name="VerifySidePanel" time="33.744" classname="seleniumTests_bioagency.Mousehover"/>
  <testcase name="VerifyHomePage" time="6.858" classname="seleniumTests_bioagency.Mousehover"/>
  <testcase name="Verifytitle_HomePage" time="6.991" classname="seleniumTests_bioagency.Mousehover"/>
</testsuite> <!-- seleniumTests_bioagency.Mousehover -->
