<?xml version="1.0" encoding="UTF-8"?>
<!-- Generated by org.testng.reporters.JUnitReportReporter -->
<testsuite skipped="0" hostname="Sharad-PC" name="seleniumTests_bioagency.Bioagency_testngclass" tests="4" failures="0" timestamp="10 Apr 2018 21:51:06 GMT" time="56.544" errors="0">
  <testcase name="Verifytitle_HomePage" time="7.030" classname="seleniumTests_bioagency.Bioagency_testngclass"/>
  <testcase name="VerifytheLogo_HomePage" time="7.550" classname="seleniumTests_bioagency.Bioagency_testngclass"/>
  <testcase name="VerifySidePanel" time="33.882" classname="seleniumTests_bioagency.Bioagency_testngclass"/>
  <testcase name="CountnumberofLinks_HomePage" time="8.082" classname="seleniumTests_bioagency.Bioagency_testngclass"/>
</testsuite> <!-- seleniumTests_bioagency.Bioagency_testngclass -->
