<?xml version="1.0" encoding="UTF-8"?>
<!-- Generated by org.testng.reporters.JUnitReportReporter -->
<testsuite hostname="Sharad-PC" name="testNGData.LoginTest" tests="10" failures="0" timestamp="8 Apr 2018 23:03:44 GMT" time="85.680" errors="0">
  <testcase name="loginTest" time="10.000" classname="testNGData.LoginTest"/>
  <testcase name="loginTest" time="7.811" classname="testNGData.LoginTest"/>
  <testcase name="loginTest" time="7.515" classname="testNGData.LoginTest"/>
  <testcase name="loginTest" time="9.032" classname="testNGData.LoginTest"/>
  <testcase name="loginTest" time="8.848" classname="testNGData.LoginTest"/>
  <testcase name="loginTest" time="8.974" classname="testNGData.LoginTest"/>
  <testcase name="loginTest" time="7.947" classname="testNGData.LoginTest"/>
  <testcase name="loginTest" time="8.154" classname="testNGData.LoginTest"/>
  <testcase name="loginTest" time="8.594" classname="testNGData.LoginTest"/>
  <testcase name="loginTest" time="8.805" classname="testNGData.LoginTest"/>
</testsuite> <!-- testNGData.LoginTest -->
