<?xml version="1.0" encoding="UTF-8"?>
<!-- Generated by org.testng.reporters.JUnitReportReporter -->
<testsuite skipped="0" hostname="Sharad-PC" name="demo.jenkins.test1.jenkinstest1Test" tests="1" failures="0" timestamp="27 Mar 2018 21:15:42 GMT" time="0.016" errors="0">
  <testcase name="testjenkins" time="0.016" classname="demo.jenkins.test1.jenkinstest1Test"/>
</testsuite> <!-- demo.jenkins.test1.jenkinstest1Test -->
